#
# There is insufficient memory for the Java Runtime Environment to continue.
# Native memory allocation (mmap) failed to map 65536 bytes for Failed to commit metaspace.
# Possible reasons:
#   The system is out of physical RAM or swap space
#   The process is running with CompressedOops enabled, and the Java Heap may be blocking the growth of the native heap
# Possible solutions:
#   Reduce memory load on the system
#   Increase physical memory or swap space
#   Check if swap backing store is full
#   Decrease Java heap size (-Xmx/-Xms)
#   Decrease number of Java threads
#   Decrease Java thread stack sizes (-Xss)
#   Set larger code cache with -XX:ReservedCodeCacheSize=
#   JVM is running with Unscaled Compressed Oops mode in which the Java heap is
#     placed in the first 4GB address space. The Java Heap base address is the
#     maximum limit for the native heap growth. Please use -XX:HeapBaseMinAddress
#     to set the Java Heap base and to place the Java Heap above 4GB virtual address.
# This output file may be truncated or incomplete.
#
#  Out of Memory Error (virtualSpaceNode.cpp:110), pid=18000, tid=13152
#
# JRE version: Java(TM) SE Runtime Environment (17.0.2+8) (build 17.0.2+8-LTS-86)
# Java VM: Java HotSpot(TM) 64-Bit Server VM (17.0.2+8-LTS-86, mixed mode, sharing, tiered, compressed oops, compressed class ptrs, g1 gc, windows-amd64)
# No core dump will be written. Minidumps are not enabled by default on client versions of Windows
#

---------------  S U M M A R Y ------------

Command Line: -Dmaven.multiModuleProjectDirectory=C:\xampp\htdocs\myprojects\Mobile-Vaccination -Dmaven.home=C:\Users\ARSHAD\.m2\wrapper\dists\apache-maven-3.8.3-bin\5a6n1u8or3307vo2u2jgmkhm0t\apache-maven-3.8.3 -Dclassworlds.conf=C:\Users\ARSHAD\.m2\wrapper\dists\apache-maven-3.8.3-bin\5a6n1u8or3307vo2u2jgmkhm0t\apache-maven-3.8.3\bin\m2.conf -Dmaven.ext.class.path=C:\Program Files\JetBrains\IntelliJ IDEA Community Edition 2021.3.2\plugins\maven\lib\maven-event-listener.jar -javaagent:C:\Program Files\JetBrains\IntelliJ IDEA Community Edition 2021.3.2\lib\idea_rt.jar=64224:C:\Program Files\JetBrains\IntelliJ IDEA Community Edition 2021.3.2\bin -Dfile.encoding=UTF-8 org.codehaus.classworlds.Launcher -Didea.version=2021.3.2 spring-boot:run

Host: Intel(R) Core(TM) i5-8250U CPU @ 1.60GHz, 8 cores, 7G,  Windows 11 , 64 bit Build 22000 (10.0.22000.434)
Time: Tue Mar  8 17:45:20 2022 India Standard Time elapsed time: 4.133922 seconds (0d 0h 0m 4s)

---------------  T H R E A D  ---------------

Current thread (0x000001f7d8660b10):  JavaThread "main" [_thread_in_vm, id=13152, stack(0x00000076efb00000,0x00000076efc00000)]

Stack: [0x00000076efb00000,0x00000076efc00000]
Native frames: (J=compiled Java code, j=interpreted, Vv=VM code, C=native code)
V  [jvm.dll+0x670baa]
V  [jvm.dll+0x7cfcb4]
V  [jvm.dll+0x7d145e]
V  [jvm.dll+0x7d1ac3]
V  [jvm.dll+0x242bc5]
V  [jvm.dll+0x7cbc5b]
V  [jvm.dll+0x616966]
V  [jvm.dll+0x1be3ee]
V  [jvm.dll+0x6192a1]
V  [jvm.dll+0x617306]
V  [jvm.dll+0x2385a0]
V  [jvm.dll+0x1e880d]
V  [jvm.dll+0x1de251]
V  [jvm.dll+0x537c30]
V  [jvm.dll+0x74ad28]
V  [jvm.dll+0x74ae14]
V  [jvm.dll+0x408cc5]
V  [jvm.dll+0x40ed18]
C  [java.dll+0x17ec]

Java frames: (J=compiled Java code, j=interpreted, Vv=VM code)
j  java.lang.ClassLoader.defineClass1(Ljava/lang/ClassLoader;Ljava/lang/String;[BIILjava/security/ProtectionDomain;Ljava/lang/String;)Ljava/lang/Class;+0 java.base@17.0.2
j  java.lang.ClassLoader.defineClass(Ljava/lang/String;[BIILjava/security/ProtectionDomain;)Ljava/lang/Class;+27 java.base@17.0.2
J 687 c1 java.security.SecureClassLoader.defineClass(Ljava/lang/String;[BIILjava/security/CodeSource;)Ljava/lang/Class; java.base@17.0.2 (16 bytes) @ 0x000001f7e058f10c [0x000001f7e058f040+0x00000000000000cc]
J 727 c1 java.net.URLClassLoader.defineClass(Ljava/lang/String;Ljdk/internal/loader/Resource;)Ljava/lang/Class; java.base@17.0.2 (224 bytes) @ 0x000001f7e05a52f4 [0x000001f7e05a3c20+0x00000000000016d4]
J 779 c1 java.net.URLClassLoader$1.run()Ljava/lang/Class; java.base@17.0.2 (81 bytes) @ 0x000001f7e05ccfdc [0x000001f7e05cc3a0+0x0000000000000c3c]
J 778 c1 java.net.URLClassLoader$1.run()Ljava/lang/Object; java.base@17.0.2 (5 bytes) @ 0x000001f7e05cbec4 [0x000001f7e05cbe40+0x0000000000000084]
J 552 c1 java.security.AccessController.doPrivileged(Ljava/security/PrivilegedExceptionAction;Ljava/security/AccessControlContext;)Ljava/lang/Object; java.base@17.0.2 (26 bytes) @ 0x000001f7e054dd7c [0x000001f7e054dba0+0x00000000000001dc]
J 776 c1 java.net.URLClassLoader.findClass(Ljava/lang/String;)Ljava/lang/Class; java.base@17.0.2 (47 bytes) @ 0x000001f7e05cadbc [0x000001f7e05cac20+0x000000000000019c]
J 782 c1 org.codehaus.plexus.classworlds.realm.ClassRealm.loadClassFromSelf(Ljava/lang/String;)Ljava/lang/Class; (40 bytes) @ 0x000001f7e05d0144 [0x000001f7e05cff00+0x0000000000000244]
J 731 c1 org.codehaus.plexus.classworlds.strategy.SelfFirstStrategy.loadClass(Ljava/lang/String;)Ljava/lang/Class; (50 bytes) @ 0x000001f7e05a8694 [0x000001f7e05a8440+0x0000000000000254]
J 554 c1 org.codehaus.plexus.classworlds.realm.ClassRealm.loadClass(Ljava/lang/String;Z)Ljava/lang/Class; (33 bytes) @ 0x000001f7e054ed4c [0x000001f7e054ebe0+0x000000000000016c]
J 553 c1 org.codehaus.plexus.classworlds.realm.ClassRealm.loadClass(Ljava/lang/String;)Ljava/lang/Class; (7 bytes) @ 0x000001f7e054e54c [0x000001f7e054e4c0+0x000000000000008c]
v  ~StubRoutines::call_stub
j  com.google.common.collect.RegularImmutableSet.createAsList()Lcom/google/common/collect/ImmutableList;+8
j  com.google.common.collect.ImmutableSet.asList()Lcom/google/common/collect/ImmutableList;+11
j  com.google.common.collect.RegularImmutableSet.iterator()Lcom/google/common/collect/UnmodifiableIterator;+1
j  com.google.common.collect.RegularImmutableSet.iterator()Ljava/util/Iterator;+1
j  com.google.inject.internal.ProviderMethodsModule.getAnnotation(Lcom/google/inject/Binder;Ljava/lang/reflect/Method;)Ljava/lang/annotation/Annotation;+25
j  com.google.inject.internal.ProviderMethodsModule.getProviderMethods(Lcom/google/inject/Binder;)Ljava/util/List;+59
j  com.google.inject.internal.ProviderMethodsModule.configure(Lcom/google/inject/Binder;)V+2
j  com.google.inject.spi.Elements$RecordingBinder.install(Lcom/google/inject/Module;)V+161
j  com.google.inject.spi.Elements$RecordingBinder.install(Lcom/google/inject/Module;)V+214
j  com.google.inject.spi.Elements.getElements(Lcom/google/inject/Stage;Ljava/lang/Iterable;)Ljava/util/List;+40
j  com.google.inject.internal.InjectorShell$Builder.build(Lcom/google/inject/internal/Initializer;Lcom/google/inject/internal/ProcessedBindingData;Lcom/google/inject/internal/util/Stopwatch;Lcom/google/inject/internal/Errors;)Ljava/util/List;+122
j  com.google.inject.internal.InternalInjectorCreator.build()Lcom/google/inject/Injector;+48
j  com.google.inject.Guice.createInjector(Lcom/google/inject/Stage;Ljava/lang/Iterable;)Lcom/google/inject/Injector;+15
j  com.google.inject.Guice.createInjector(Ljava/lang/Iterable;)Lcom/google/inject/Injector;+4
j  com.google.inject.Guice.createInjector([Lcom/google/inject/Module;)Lcom/google/inject/Injector;+4
j  org.codehaus.plexus.DefaultPlexusContainer.addPlexusInjector(Ljava/util/List;[Lcom/google/inject/Module;)Lcom/google/inject/Injector;+88
j  org.codehaus.plexus.DefaultPlexusContainer.<init>(Lorg/codehaus/plexus/ContainerConfiguration;[Lcom/google/inject/Module;)V+396
j  org.apache.maven.cli.MavenCli.container(Lorg/apache/maven/cli/CliRequest;)Lorg/codehaus/plexus/PlexusContainer;+275
j  org.apache.maven.cli.MavenCli.doMain(Lorg/apache/maven/cli/CliRequest;)I+34
j  org.apache.maven.cli.MavenCli.main([Ljava/lang/String;Lorg/codehaus/plexus/classworlds/ClassWorld;)I+24
v  ~StubRoutines::call_stub
j  jdk.internal.reflect.NativeMethodAccessorImpl.invoke0(Ljava/lang/reflect/Method;Ljava/lang/Object;[Ljava/lang/Object;)Ljava/lang/Object;+0 java.base@17.0.2
j  jdk.internal.reflect.NativeMethodAccessorImpl.invoke(Ljava/lang/Object;[Ljava/lang/Object;)Ljava/lang/Object;+133 java.base@17.0.2
j  jdk.internal.reflect.DelegatingMethodAccessorImpl.invoke(Ljava/lang/Object;[Ljava/lang/Object;)Ljava/lang/Object;+6 java.base@17.0.2
j  java.lang.reflect.Method.invoke(Ljava/lang/Object;[Ljava/lang/Object;)Ljava/lang/Object;+59 java.base@17.0.2
j  org.codehaus.plexus.classworlds.launcher.Launcher.launchEnhanced([Ljava/lang/String;)V+45
j  org.codehaus.plexus.classworlds.launcher.Launcher.launch([Ljava/lang/String;)V+2
j  org.codehaus.plexus.classworlds.launcher.Launcher.mainWithExitCode([Ljava/lang/String;)I+101
j  org.codehaus.plexus.classworlds.launcher.Launcher.main([Ljava/lang/String;)V+1
j  org.codehaus.classworlds.Launcher.main([Ljava/lang/String;)V+1
v  ~StubRoutines::call_stub

---------------  P R O C E S S  ---------------

Threads class SMR info:
_java_thread_list=0x000001f7f7210390, length=14, elements={
0x000001f7d8660b10, 0x000001f7f671c590, 0x000001f7f671d400, 0x000001f7f67309a0,
0x000001f7f6732270, 0x000001f7f6732c20, 0x000001f7f67335d0, 0x000001f7f6737dc0,
0x000001f7f6740870, 0x000001f7f6743270, 0x000001f7f716e8e0, 0x000001f7f71fbf70,
0x000001f7f71fcc50, 0x000001f7f74feab0
}

Java Threads: ( => current thread )
=>0x000001f7d8660b10 JavaThread "main" [_thread_in_vm, id=13152, stack(0x00000076efb00000,0x00000076efc00000)]
  0x000001f7f671c590 JavaThread "Reference Handler" daemon [_thread_blocked, id=17792, stack(0x00000076f0200000,0x00000076f0300000)]
  0x000001f7f671d400 JavaThread "Finalizer" daemon [_thread_blocked, id=5608, stack(0x00000076f0300000,0x00000076f0400000)]
  0x000001f7f67309a0 JavaThread "Signal Dispatcher" daemon [_thread_blocked, id=18220, stack(0x00000076f0400000,0x00000076f0500000)]
  0x000001f7f6732270 JavaThread "Attach Listener" daemon [_thread_blocked, id=19420, stack(0x00000076f0500000,0x00000076f0600000)]
  0x000001f7f6732c20 JavaThread "Service Thread" daemon [_thread_blocked, id=9416, stack(0x00000076f0600000,0x00000076f0700000)]
  0x000001f7f67335d0 JavaThread "Monitor Deflation Thread" daemon [_thread_blocked, id=14428, stack(0x00000076f0700000,0x00000076f0800000)]
  0x000001f7f6737dc0 JavaThread "C2 CompilerThread0" daemon [_thread_blocked, id=14324, stack(0x00000076f0800000,0x00000076f0900000)]
  0x000001f7f6740870 JavaThread "C1 CompilerThread0" daemon [_thread_blocked, id=7672, stack(0x00000076f0900000,0x00000076f0a00000)]
  0x000001f7f6743270 JavaThread "Sweeper thread" daemon [_thread_blocked, id=3860, stack(0x00000076f0a00000,0x00000076f0b00000)]
  0x000001f7f716e8e0 JavaThread "Common-Cleaner" daemon [_thread_blocked, id=18156, stack(0x00000076f0b00000,0x00000076f0c00000)]
  0x000001f7f71fbf70 JavaThread "Monitor Ctrl-Break" daemon [_thread_in_native, id=11728, stack(0x00000076f0c00000,0x00000076f0d00000)]
  0x000001f7f71fcc50 JavaThread "Notification Thread" daemon [_thread_blocked, id=19308, stack(0x00000076f0d00000,0x00000076f0e00000)]
  0x000001f7f74feab0 JavaThread "C2 CompilerThread1" daemon [_thread_blocked, id=12020, stack(0x00000076f0f00000,0x00000076f1000000)]

Other Threads:
  0x000001f7f6715980 VMThread "VM Thread" [stack: 0x00000076f0100000,0x00000076f0200000] [id=9120] _threads_hazard_ptr=0x000001f7f7210390
  0x000001f7f71f5720 WatcherThread [stack: 0x00000076f0e00000,0x00000076f0f00000] [id=11180]
  0x000001f7d86a0b20 GCTaskThread "GC Thread#0" [stack: 0x00000076efc00000,0x00000076efd00000] [id=12476]
  0x000001f7d86b17b0 ConcurrentGCThread "G1 Main Marker" [stack: 0x00000076efd00000,0x00000076efe00000] [id=11376]
  0x000001f7d86b41e0 ConcurrentGCThread "G1 Conc#0" [stack: 0x00000076efe00000,0x00000076eff00000] [id=12140]
  0x000001f7d873bf70 ConcurrentGCThread "G1 Refine#0" [stack: 0x00000076eff00000,0x00000076f0000000] [id=7252]
  0x000001f7d873d9a0 ConcurrentGCThread "G1 Service" [stack: 0x00000076f0000000,0x00000076f0100000] [id=16852]

Threads with active compile tasks:

VM state: synchronizing (normal execution)

VM Mutex/Monitor currently owned by a thread:  ([mutex/lock_event])
[0x000001f7d865a5b0] Metaspace_lock - owner thread: 0x000001f7d8660b10
[0x000001f7d865c620] Threads_lock - owner thread: 0x000001f7f6715980

Heap address: 0x0000000081600000, size: 2026 MB, Compressed Oops mode: 32-bit

CDS archive(s) mapped at: [0x0000000800000000-0x0000000800bc0000-0x0000000800bc0000), size 12320768, SharedBaseAddress: 0x0000000800000000, ArchiveRelocationMode: 0.
Compressed class space mapped at: 0x0000000800c00000-0x0000000840c00000, reserved size: 1073741824
Narrow klass base: 0x0000000800000000, Narrow klass shift: 0, Narrow klass range: 0x100000000

GC Precious Log:
 CPUs: 8 total, 8 available
 Memory: 8101M
 Large Page Support: Disabled
 NUMA Support: Disabled
 Compressed Oops: Enabled (32-bit)
 Heap Region Size: 1M
 Heap Min Capacity: 8M
 Heap Initial Capacity: 128M
 Heap Max Capacity: 2026M
 Pre-touch: Disabled
 Parallel Workers: 8
 Concurrent Workers: 2
 Concurrent Refinement Workers: 8
 Periodic GC: Disabled

Heap:
 garbage-first heap   total 131072K, used 14336K [0x0000000081600000, 0x0000000100000000)
  region size 1024K, 16 young (16384K), 0 survivors (0K)
 Metaspace       used 4089K, committed 4224K, reserved 1056768K
  class space    used 435K, committed 512K, reserved 1048576K

Heap Regions: E=young(eden), S=young(survivor), O=old, HS=humongous(starts), HC=humongous(continues), CS=collection set, F=free, OA=open archive, CA=closed archive, TAMS=top-at-mark-start (previous, next)
|   0|0x0000000081600000, 0x0000000081600000, 0x0000000081700000|  0%| F|  |TAMS 0x0000000081600000, 0x0000000081600000| Untracked 
|   1|0x0000000081700000, 0x0000000081700000, 0x0000000081800000|  0%| F|  |TAMS 0x0000000081700000, 0x0000000081700000| Untracked 
|   2|0x0000000081800000, 0x0000000081800000, 0x0000000081900000|  0%| F|  |TAMS 0x0000000081800000, 0x0000000081800000| Untracked 
|   3|0x0000000081900000, 0x0000000081900000, 0x0000000081a00000|  0%| F|  |TAMS 0x0000000081900000, 0x0000000081900000| Untracked 
|   4|0x0000000081a00000, 0x0000000081a00000, 0x0000000081b00000|  0%| F|  |TAMS 0x0000000081a00000, 0x0000000081a00000| Untracked 
|   5|0x0000000081b00000, 0x0000000081b00000, 0x0000000081c00000|  0%| F|  |TAMS 0x0000000081b00000, 0x0000000081b00000| Untracked 
|   6|0x0000000081c00000, 0x0000000081c00000, 0x0000000081d00000|  0%| F|  |TAMS 0x0000000081c00000, 0x0000000081c00000| Untracked 
|   7|0x0000000081d00000, 0x0000000081d00000, 0x0000000081e00000|  0%| F|  |TAMS 0x0000000081d00000, 0x0000000081d00000| Untracked 
|   8|0x0000000081e00000, 0x0000000081e00000, 0x0000000081f00000|  0%| F|  |TAMS 0x0000000081e00000, 0x0000000081e00000| Untracked 
|   9|0x0000000081f00000, 0x0000000081f00000, 0x0000000082000000|  0%| F|  |TAMS 0x0000000081f00000, 0x0000000081f00000| Untracked 
|  10|0x0000000082000000, 0x0000000082000000, 0x0000000082100000|  0%| F|  |TAMS 0x0000000082000000, 0x0000000082000000| Untracked 
|  11|0x0000000082100000, 0x0000000082100000, 0x0000000082200000|  0%| F|  |TAMS 0x0000000082100000, 0x0000000082100000| Untracked 
|  12|0x0000000082200000, 0x0000000082200000, 0x0000000082300000|  0%| F|  |TAMS 0x0000000082200000, 0x0000000082200000| Untracked 
|  13|0x0000000082300000, 0x0000000082300000, 0x0000000082400000|  0%| F|  |TAMS 0x0000000082300000, 0x0000000082300000| Untracked 
|  14|0x0000000082400000, 0x0000000082400000, 0x0000000082500000|  0%| F|  |TAMS 0x0000000082400000, 0x0000000082400000| Untracked 
|  15|0x0000000082500000, 0x0000000082500000, 0x0000000082600000|  0%| F|  |TAMS 0x0000000082500000, 0x0000000082500000| Untracked 
|  16|0x0000000082600000, 0x0000000082600000, 0x0000000082700000|  0%| F|  |TAMS 0x0000000082600000, 0x0000000082600000| Untracked 
|  17|0x0000000082700000, 0x0000000082700000, 0x0000000082800000|  0%| F|  |TAMS 0x0000000082700000, 0x0000000082700000| Untracked 
|  18|0x0000000082800000, 0x0000000082800000, 0x0000000082900000|  0%| F|  |TAMS 0x0000000082800000, 0x0000000082800000| Untracked 
|  19|0x0000000082900000, 0x0000000082900000, 0x0000000082a00000|  0%| F|  |TAMS 0x0000000082900000, 0x0000000082900000| Untracked 
|  20|0x0000000082a00000, 0x0000000082a00000, 0x0000000082b00000|  0%| F|  |TAMS 0x0000000082a00000, 0x0000000082a00000| Untracked 
|  21|0x0000000082b00000, 0x0000000082b00000, 0x0000000082c00000|  0%| F|  |TAMS 0x0000000082b00000, 0x0000000082b00000| Untracked 
|  22|0x0000000082c00000, 0x0000000082c00000, 0x0000000082d00000|  0%| F|  |TAMS 0x0000000082c00000, 0x0000000082c00000| Untracked 
|  23|0x0000000082d00000, 0x0000000082d00000, 0x0000000082e00000|  0%| F|  |TAMS 0x0000000082d00000, 0x0000000082d00000| Untracked 
|  24|0x0000000082e00000, 0x0000000082e00000, 0x0000000082f00000|  0%| F|  |TAMS 0x0000000082e00000, 0x0000000082e00000| Untracked 
|  25|0x0000000082f00000, 0x0000000082f00000, 0x0000000083000000|  0%| F|  |TAMS 0x0000000082f00000, 0x0000000082f00000| Untracked 
|  26|0x0000000083000000, 0x0000000083000000, 0x0000000083100000|  0%| F|  |TAMS 0x0000000083000000, 0x0000000083000000| Untracked 
|  27|0x0000000083100000, 0x0000000083100000, 0x0000000083200000|  0%| F|  |TAMS 0x0000000083100000, 0x0000000083100000| Untracked 
|  28|0x0000000083200000, 0x0000000083200000, 0x0000000083300000|  0%| F|  |TAMS 0x0000000083200000, 0x0000000083200000| Untracked 
|  29|0x0000000083300000, 0x0000000083300000, 0x0000000083400000|  0%| F|  |TAMS 0x0000000083300000, 0x0000000083300000| Untracked 
|  30|0x0000000083400000, 0x0000000083400000, 0x0000000083500000|  0%| F|  |TAMS 0x0000000083400000, 0x0000000083400000| Untracked 
|  31|0x0000000083500000, 0x0000000083500000, 0x0000000083600000|  0%| F|  |TAMS 0x0000000083500000, 0x0000000083500000| Untracked 
|  32|0x0000000083600000, 0x0000000083600000, 0x0000000083700000|  0%| F|  |TAMS 0x0000000083600000, 0x0000000083600000| Untracked 
|  33|0x0000000083700000, 0x0000000083700000, 0x0000000083800000|  0%| F|  |TAMS 0x0000000083700000, 0x0000000083700000| Untracked 
|  34|0x0000000083800000, 0x0000000083800000, 0x0000000083900000|  0%| F|  |TAMS 0x0000000083800000, 0x0000000083800000| Untracked 
|  35|0x0000000083900000, 0x0000000083900000, 0x0000000083a00000|  0%| F|  |TAMS 0x0000000083900000, 0x0000000083900000| Untracked 
|  36|0x0000000083a00000, 0x0000000083a00000, 0x0000000083b00000|  0%| F|  |TAMS 0x0000000083a00000, 0x0000000083a00000| Untracked 
|  37|0x0000000083b00000, 0x0000000083b00000, 0x0000000083c00000|  0%| F|  |TAMS 0x0000000083b00000, 0x0000000083b00000| Untracked 
|  38|0x0000000083c00000, 0x0000000083c00000, 0x0000000083d00000|  0%| F|  |TAMS 0x0000000083c00000, 0x0000000083c00000| Untracked 
|  39|0x0000000083d00000, 0x0000000083d00000, 0x0000000083e00000|  0%| F|  |TAMS 0x0000000083d00000, 0x0000000083d00000| Untracked 
|  40|0x0000000083e00000, 0x0000000083e00000, 0x0000000083f00000|  0%| F|  |TAMS 0x0000000083e00000, 0x0000000083e00000| Untracked 
|  41|0x0000000083f00000, 0x0000000083f00000, 0x0000000084000000|  0%| F|  |TAMS 0x0000000083f00000, 0x0000000083f00000| Untracked 
|  42|0x0000000084000000, 0x0000000084000000, 0x0000000084100000|  0%| F|  |TAMS 0x0000000084000000, 0x0000000084000000| Untracked 
|  43|0x0000000084100000, 0x0000000084100000, 0x0000000084200000|  0%| F|  |TAMS 0x0000000084100000, 0x0000000084100000| Untracked 
|  44|0x0000000084200000, 0x0000000084200000, 0x0000000084300000|  0%| F|  |TAMS 0x0000000084200000, 0x0000000084200000| Untracked 
|  45|0x0000000084300000, 0x0000000084300000, 0x0000000084400000|  0%| F|  |TAMS 0x0000000084300000, 0x0000000084300000| Untracked 
|  46|0x0000000084400000, 0x0000000084400000, 0x0000000084500000|  0%| F|  |TAMS 0x0000000084400000, 0x0000000084400000| Untracked 
|  47|0x0000000084500000, 0x0000000084500000, 0x0000000084600000|  0%| F|  |TAMS 0x0000000084500000, 0x0000000084500000| Untracked 
|  48|0x0000000084600000, 0x0000000084600000, 0x0000000084700000|  0%| F|  |TAMS 0x0000000084600000, 0x0000000084600000| Untracked 
|  49|0x0000000084700000, 0x0000000084700000, 0x0000000084800000|  0%| F|  |TAMS 0x0000000084700000, 0x0000000084700000| Untracked 
|  50|0x0000000084800000, 0x0000000084800000, 0x0000000084900000|  0%| F|  |TAMS 0x0000000084800000, 0x0000000084800000| Untracked 
|  51|0x0000000084900000, 0x0000000084900000, 0x0000000084a00000|  0%| F|  |TAMS 0x0000000084900000, 0x0000000084900000| Untracked 
|  52|0x0000000084a00000, 0x0000000084a00000, 0x0000000084b00000|  0%| F|  |TAMS 0x0000000084a00000, 0x0000000084a00000| Untracked 
|  53|0x0000000084b00000, 0x0000000084b00000, 0x0000000084c00000|  0%| F|  |TAMS 0x0000000084b00000, 0x0000000084b00000| Untracked 
|  54|0x0000000084c00000, 0x0000000084c00000, 0x0000000084d00000|  0%| F|  |TAMS 0x0000000084c00000, 0x0000000084c00000| Untracked 
|  55|0x0000000084d00000, 0x0000000084d00000, 0x0000000084e00000|  0%| F|  |TAMS 0x0000000084d00000, 0x0000000084d00000| Untracked 
|  56|0x0000000084e00000, 0x0000000084e00000, 0x0000000084f00000|  0%| F|  |TAMS 0x0000000084e00000, 0x0000000084e00000| Untracked 
|  57|0x0000000084f00000, 0x0000000084f00000, 0x0000000085000000|  0%| F|  |TAMS 0x0000000084f00000, 0x0000000084f00000| Untracked 
|  58|0x0000000085000000, 0x0000000085000000, 0x0000000085100000|  0%| F|  |TAMS 0x0000000085000000, 0x0000000085000000| Untracked 
|  59|0x0000000085100000, 0x0000000085100000, 0x0000000085200000|  0%| F|  |TAMS 0x0000000085100000, 0x0000000085100000| Untracked 
|  60|0x0000000085200000, 0x0000000085200000, 0x0000000085300000|  0%| F|  |TAMS 0x0000000085200000, 0x0000000085200000| Untracked 
|  61|0x0000000085300000, 0x0000000085300000, 0x0000000085400000|  0%| F|  |TAMS 0x0000000085300000, 0x0000000085300000| Untracked 
|  62|0x0000000085400000, 0x0000000085400000, 0x0000000085500000|  0%| F|  |TAMS 0x0000000085400000, 0x0000000085400000| Untracked 
|  63|0x0000000085500000, 0x0000000085500000, 0x0000000085600000|  0%| F|  |TAMS 0x0000000085500000, 0x0000000085500000| Untracked 
|  64|0x0000000085600000, 0x0000000085600000, 0x0000000085700000|  0%| F|  |TAMS 0x0000000085600000, 0x0000000085600000| Untracked 
|  65|0x0000000085700000, 0x0000000085700000, 0x0000000085800000|  0%| F|  |TAMS 0x0000000085700000, 0x0000000085700000| Untracked 
|  66|0x0000000085800000, 0x0000000085800000, 0x0000000085900000|  0%| F|  |TAMS 0x0000000085800000, 0x0000000085800000| Untracked 
|  67|0x0000000085900000, 0x0000000085900000, 0x0000000085a00000|  0%| F|  |TAMS 0x0000000085900000, 0x0000000085900000| Untracked 
|  68|0x0000000085a00000, 0x0000000085a00000, 0x0000000085b00000|  0%| F|  |TAMS 0x0000000085a00000, 0x0000000085a00000| Untracked 
|  69|0x0000000085b00000, 0x0000000085b00000, 0x0000000085c00000|  0%| F|  |TAMS 0x0000000085b00000, 0x0000000085b00000| Untracked 
|  70|0x0000000085c00000, 0x0000000085c00000, 0x0000000085d00000|  0%| F|  |TAMS 0x0000000085c00000, 0x0000000085c00000| Untracked 
|  71|0x0000000085d00000, 0x0000000085d00000, 0x0000000085e00000|  0%| F|  |TAMS 0x0000000085d00000, 0x0000000085d00000| Untracked 
|  72|0x0000000085e00000, 0x0000000085e00000, 0x0000000085f00000|  0%| F|  |TAMS 0x0000000085e00000, 0x0000000085e00000| Untracked 
|  73|0x0000000085f00000, 0x0000000085f00000, 0x0000000086000000|  0%| F|  |TAMS 0x0000000085f00000, 0x0000000085f00000| Untracked 
|  74|0x0000000086000000, 0x0000000086000000, 0x0000000086100000|  0%| F|  |TAMS 0x0000000086000000, 0x0000000086000000| Untracked 
|  75|0x0000000086100000, 0x0000000086100000, 0x0000000086200000|  0%| F|  |TAMS 0x0000000086100000, 0x0000000086100000| Untracked 
|  76|0x0000000086200000, 0x0000000086200000, 0x0000000086300000|  0%| F|  |TAMS 0x0000000086200000, 0x0000000086200000| Untracked 
|  77|0x0000000086300000, 0x0000000086300000, 0x0000000086400000|  0%| F|  |TAMS 0x0000000086300000, 0x0000000086300000| Untracked 
|  78|0x0000000086400000, 0x0000000086400000, 0x0000000086500000|  0%| F|  |TAMS 0x0000000086400000, 0x0000000086400000| Untracked 
|  79|0x0000000086500000, 0x0000000086500000, 0x0000000086600000|  0%| F|  |TAMS 0x0000000086500000, 0x0000000086500000| Untracked 
|  80|0x0000000086600000, 0x0000000086600000, 0x0000000086700000|  0%| F|  |TAMS 0x0000000086600000, 0x0000000086600000| Untracked 
|  81|0x0000000086700000, 0x0000000086700000, 0x0000000086800000|  0%| F|  |TAMS 0x0000000086700000, 0x0000000086700000| Untracked 
|  82|0x0000000086800000, 0x0000000086800000, 0x0000000086900000|  0%| F|  |TAMS 0x0000000086800000, 0x0000000086800000| Untracked 
|  83|0x0000000086900000, 0x0000000086900000, 0x0000000086a00000|  0%| F|  |TAMS 0x0000000086900000, 0x0000000086900000| Untracked 
|  84|0x0000000086a00000, 0x0000000086a00000, 0x0000000086b00000|  0%| F|  |TAMS 0x0000000086a00000, 0x0000000086a00000| Untracked 
|  85|0x0000000086b00000, 0x0000000086b00000, 0x0000000086c00000|  0%| F|  |TAMS 0x0000000086b00000, 0x0000000086b00000| Untracked 
|  86|0x0000000086c00000, 0x0000000086c00000, 0x0000000086d00000|  0%| F|  |TAMS 0x0000000086c00000, 0x0000000086c00000| Untracked 
|  87|0x0000000086d00000, 0x0000000086d00000, 0x0000000086e00000|  0%| F|  |TAMS 0x0000000086d00000, 0x0000000086d00000| Untracked 
|  88|0x0000000086e00000, 0x0000000086e00000, 0x0000000086f00000|  0%| F|  |TAMS 0x0000000086e00000, 0x0000000086e00000| Untracked 
|  89|0x0000000086f00000, 0x0000000086f00000, 0x0000000087000000|  0%| F|  |TAMS 0x0000000086f00000, 0x0000000086f00000| Untracked 
|  90|0x0000000087000000, 0x0000000087000000, 0x0000000087100000|  0%| F|  |TAMS 0x0000000087000000, 0x0000000087000000| Untracked 
|  91|0x0000000087100000, 0x0000000087100000, 0x0000000087200000|  0%| F|  |TAMS 0x0000000087100000, 0x0000000087100000| Untracked 
|  92|0x0000000087200000, 0x0000000087200000, 0x0000000087300000|  0%| F|  |TAMS 0x0000000087200000, 0x0000000087200000| Untracked 
|  93|0x0000000087300000, 0x0000000087300000, 0x0000000087400000|  0%| F|  |TAMS 0x0000000087300000, 0x0000000087300000| Untracked 
|  94|0x0000000087400000, 0x0000000087400000, 0x0000000087500000|  0%| F|  |TAMS 0x0000000087400000, 0x0000000087400000| Untracked 
|  95|0x0000000087500000, 0x0000000087500000, 0x0000000087600000|  0%| F|  |TAMS 0x0000000087500000, 0x0000000087500000| Untracked 
|  96|0x0000000087600000, 0x0000000087600000, 0x0000000087700000|  0%| F|  |TAMS 0x0000000087600000, 0x0000000087600000| Untracked 
|  97|0x0000000087700000, 0x0000000087700000, 0x0000000087800000|  0%| F|  |TAMS 0x0000000087700000, 0x0000000087700000| Untracked 
|  98|0x0000000087800000, 0x0000000087800000, 0x0000000087900000|  0%| F|  |TAMS 0x0000000087800000, 0x0000000087800000| Untracked 
|  99|0x0000000087900000, 0x0000000087900000, 0x0000000087a00000|  0%| F|  |TAMS 0x0000000087900000, 0x0000000087900000| Untracked 
| 100|0x0000000087a00000, 0x0000000087a00000, 0x0000000087b00000|  0%| F|  |TAMS 0x0000000087a00000, 0x0000000087a00000| Untracked 
| 101|0x0000000087b00000, 0x0000000087b00000, 0x0000000087c00000|  0%| F|  |TAMS 0x0000000087b00000, 0x0000000087b00000| Untracked 
| 102|0x0000000087c00000, 0x0000000087c00000, 0x0000000087d00000|  0%| F|  |TAMS 0x0000000087c00000, 0x0000000087c00000| Untracked 
| 103|0x0000000087d00000, 0x0000000087d00000, 0x0000000087e00000|  0%| F|  |TAMS 0x0000000087d00000, 0x0000000087d00000| Untracked 
| 104|0x0000000087e00000, 0x0000000087e00000, 0x0000000087f00000|  0%| F|  |TAMS 0x0000000087e00000, 0x0000000087e00000| Untracked 
| 105|0x0000000087f00000, 0x0000000087f00000, 0x0000000088000000|  0%| F|  |TAMS 0x0000000087f00000, 0x0000000087f00000| Untracked 
| 106|0x0000000088000000, 0x0000000088000000, 0x0000000088100000|  0%| F|  |TAMS 0x0000000088000000, 0x0000000088000000| Untracked 
| 107|0x0000000088100000, 0x0000000088100000, 0x0000000088200000|  0%| F|  |TAMS 0x0000000088100000, 0x0000000088100000| Untracked 
| 108|0x0000000088200000, 0x0000000088200000, 0x0000000088300000|  0%| F|  |TAMS 0x0000000088200000, 0x0000000088200000| Untracked 
| 109|0x0000000088300000, 0x0000000088300000, 0x0000000088400000|  0%| F|  |TAMS 0x0000000088300000, 0x0000000088300000| Untracked 
| 110|0x0000000088400000, 0x0000000088400000, 0x0000000088500000|  0%| F|  |TAMS 0x0000000088400000, 0x0000000088400000| Untracked 
| 111|0x0000000088500000, 0x0000000088500000, 0x0000000088600000|  0%| F|  |TAMS 0x0000000088500000, 0x0000000088500000| Untracked 
| 112|0x0000000088600000, 0x0000000088676450, 0x0000000088700000| 46%| E|  |TAMS 0x0000000088600000, 0x0000000088600000| Complete 
| 113|0x0000000088700000, 0x0000000088800000, 0x0000000088800000|100%| E|CS|TAMS 0x0000000088700000, 0x0000000088700000| Complete 
| 114|0x0000000088800000, 0x0000000088900000, 0x0000000088900000|100%| E|CS|TAMS 0x0000000088800000, 0x0000000088800000| Complete 
| 115|0x0000000088900000, 0x0000000088a00000, 0x0000000088a00000|100%| E|CS|TAMS 0x0000000088900000, 0x0000000088900000| Complete 
| 116|0x0000000088a00000, 0x0000000088b00000, 0x0000000088b00000|100%| E|CS|TAMS 0x0000000088a00000, 0x0000000088a00000| Complete 
| 117|0x0000000088b00000, 0x0000000088c00000, 0x0000000088c00000|100%| E|CS|TAMS 0x0000000088b00000, 0x0000000088b00000| Complete 
| 118|0x0000000088c00000, 0x0000000088d00000, 0x0000000088d00000|100%| E|CS|TAMS 0x0000000088c00000, 0x0000000088c00000| Complete 
| 119|0x0000000088d00000, 0x0000000088e00000, 0x0000000088e00000|100%| E|CS|TAMS 0x0000000088d00000, 0x0000000088d00000| Complete 
| 120|0x0000000088e00000, 0x0000000088f00000, 0x0000000088f00000|100%| E|CS|TAMS 0x0000000088e00000, 0x0000000088e00000| Complete 
| 121|0x0000000088f00000, 0x0000000089000000, 0x0000000089000000|100%| E|CS|TAMS 0x0000000088f00000, 0x0000000088f00000| Complete 
| 122|0x0000000089000000, 0x0000000089100000, 0x0000000089100000|100%| E|CS|TAMS 0x0000000089000000, 0x0000000089000000| Complete 
| 123|0x0000000089100000, 0x0000000089200000, 0x0000000089200000|100%| E|CS|TAMS 0x0000000089100000, 0x0000000089100000| Complete 
| 124|0x0000000089200000, 0x0000000089300000, 0x0000000089300000|100%| E|CS|TAMS 0x0000000089200000, 0x0000000089200000| Complete 
| 125|0x0000000089300000, 0x0000000089400000, 0x0000000089400000|100%| E|  |TAMS 0x0000000089300000, 0x0000000089300000| Complete 
| 126|0x0000000089400000, 0x0000000089500000, 0x0000000089500000|100%| E|CS|TAMS 0x0000000089400000, 0x0000000089400000| Complete 
| 127|0x0000000089500000, 0x0000000089600000, 0x0000000089600000|100%| E|CS|TAMS 0x0000000089500000, 0x0000000089500000| Complete 

Card table byte_map: [0x000001f7ef5f0000,0x000001f7ef9f0000] _byte_map_base: 0x000001f7ef1e5000

Marking Bits (Prev, Next): (CMBitMap*) 0x000001f7d86a1140, (CMBitMap*) 0x000001f7d86a1180
 Prev Bits: [0x000001f7efdf0000, 0x000001f7f1d98000)
 Next Bits: [0x000001f7f1da0000, 0x000001f7f3d48000)

Polling page: 0x000001f7d6600000

Metaspace:

Usage:
  Non-class:      3.57 MB used.
      Class:    435.76 KB used.
       Both:      3.99 MB used.

Virtual space:
  Non-class space:        8.00 MB reserved,       3.62 MB ( 45%) committed,  1 nodes.
      Class space:        1.00 GB reserved,     512.00 KB ( <1%) committed,  1 nodes.
             Both:        1.01 GB reserved,       4.12 MB ( <1%) committed. 

Chunk freelists:
   Non-Class:  1.98 MB
       Class:  3.44 MB
        Both:  5.42 MB

MaxMetaspaceSize: unlimited
CompressedClassSpaceSize: 1.00 GB
Initial GC threshold: 21.00 MB
Current GC threshold: 21.00 MB
CDS: on
MetaspaceReclaimPolicy: balanced
 - commit_granule_bytes: 65536.
 - commit_granule_words: 8192.
 - virtual_space_node_default_size: 1048576.
 - enlarge_chunks_in_place: 1.
 - new_chunks_are_fully_committed: 0.
 - uncommit_free_chunks: 1.
 - use_allocation_guard: 0.
 - handle_deallocations: 1.


Internal statistics:

num_allocs_failed_limit: 0.
num_arena_births: 16.
num_arena_deaths: 0.
num_vsnodes_births: 2.
num_vsnodes_deaths: 0.
num_space_committed: 66.
num_space_uncommitted: 0.
num_chunks_returned_to_freelist: 0.
num_chunks_taken_from_freelist: 119.
num_chunk_merges: 0.
num_chunk_splits: 87.
num_chunks_enlarged: 73.
num_purges: 0.
num_inconsistent_stats: 0.

CodeHeap 'non-profiled nmethods': size=120000Kb used=295Kb max_used=295Kb free=119704Kb
 bounds [0x000001f7e7990000, 0x000001f7e7c00000, 0x000001f7eeec0000]
CodeHeap 'profiled nmethods': size=120000Kb used=1484Kb max_used=1484Kb free=118516Kb
 bounds [0x000001f7e0460000, 0x000001f7e06d0000, 0x000001f7e7990000]
CodeHeap 'non-nmethods': size=5760Kb used=1147Kb max_used=1167Kb free=4612Kb
 bounds [0x000001f7dfec0000, 0x000001f7e0130000, 0x000001f7e0460000]
 total_blobs=1227 nmethods=788 adapters=352
 compilation: enabled
              stopped_count=0, restarted_count=0
 full_count=0

Compilation events (20 events):
Event: 4.107 Thread 0x000001f7f6740870  779   !   3       java.net.URLClassLoader$1::run (81 bytes)
Event: 4.108 Thread 0x000001f7f6740870 nmethod 779 0x000001f7e05cc010 code [0x000001f7e05cc3a0, 0x000001f7e05cd938]
Event: 4.108 Thread 0x000001f7f6740870  780       3       java.net.URLClassLoader::getAndVerifyPackage (109 bytes)
Event: 4.108 Thread 0x000001f7f6737dc0  781       4       java.lang.StringLatin1::toLowerCase (186 bytes)
Event: 4.108 Thread 0x000001f7f6740870 nmethod 780 0x000001f7e05ce190 code [0x000001f7e05ce500, 0x000001f7e05cf708]
Event: 4.116 Thread 0x000001f7f6740870  782   !   3       org.codehaus.plexus.classworlds.realm.ClassRealm::loadClassFromSelf (40 bytes)
Event: 4.117 Thread 0x000001f7f6740870 nmethod 782 0x000001f7e05cfd10 code [0x000001f7e05cff00, 0x000001f7e05d03b8]
Event: 4.117 Thread 0x000001f7f6740870  783       3       jdk.internal.util.ArraysSupport::newLength (27 bytes)
Event: 4.117 Thread 0x000001f7f6740870 nmethod 783 0x000001f7e05d0610 code [0x000001f7e05d07c0, 0x000001f7e05d0a28]
Event: 4.117 Thread 0x000001f7f6740870  784       3       java.lang.Enum::<init> (15 bytes)
Event: 4.118 Thread 0x000001f7f6740870 nmethod 784 0x000001f7e05d0b10 code [0x000001f7e05d0ca0, 0x000001f7e05d0e58]
Event: 4.118 Thread 0x000001f7f6737dc0 nmethod 781 0x000001f7e79d8590 code [0x000001f7e79d8740, 0x000001f7e79d9028]
Event: 4.125 Thread 0x000001f7f6737dc0  785       4       java.util.concurrent.ConcurrentHashMap::get (162 bytes)
Event: 4.128 Thread 0x000001f7f6737dc0 nmethod 785 0x000001f7e79d9490 code [0x000001f7e79d9620, 0x000001f7e79d9918]
Event: 4.129 Thread 0x000001f7f6740870  786   !   3       java.nio.DirectLongBufferU::put (39 bytes)
Event: 4.129 Thread 0x000001f7f6740870 nmethod 786 0x000001f7e05d0f10 code [0x000001f7e05d1160, 0x000001f7e05d1a78]
Event: 4.129 Thread 0x000001f7f6740870  787   !   3       jdk.internal.misc.ScopedMemoryAccess::putLong (25 bytes)
Event: 4.130 Thread 0x000001f7f6740870 nmethod 787 0x000001f7e05d1f90 code [0x000001f7e05d2180, 0x000001f7e05d26f8]
Event: 4.130 Thread 0x000001f7f6740870  788   !   3       jdk.internal.misc.ScopedMemoryAccess::putLongInternal (37 bytes)
Event: 4.130 Thread 0x000001f7f6740870 nmethod 788 0x000001f7e05d2990 code [0x000001f7e05d2b40, 0x000001f7e05d2e68]

GC Heap History (0 events):
No events

Deoptimization events (20 events):
Event: 3.748 Thread 0x000001f7d8660b10 DEOPT PACKING pc=0x000001f7e79a6a5c sp=0x00000076efbfe460
Event: 3.748 Thread 0x000001f7d8660b10 DEOPT UNPACKING pc=0x000001f7dff123a3 sp=0x00000076efbfe400 mode 2
Event: 3.776 Thread 0x000001f7d8660b10 DEOPT PACKING pc=0x000001f7e048e9f7 sp=0x00000076efbf9d10
Event: 3.776 Thread 0x000001f7d8660b10 DEOPT UNPACKING pc=0x000001f7dff12b43 sp=0x00000076efbf91d0 mode 0
Event: 3.811 Thread 0x000001f7d8660b10 DEOPT PACKING pc=0x000001f7e048c6be sp=0x00000076efbfba60
Event: 3.811 Thread 0x000001f7d8660b10 DEOPT UNPACKING pc=0x000001f7dff12b43 sp=0x00000076efbfaed8 mode 0
Event: 3.832 Thread 0x000001f7d8660b10 Uncommon trap: trap_request=0xffffff45 fr.pc=0x000001f7e79a3fe8 relative=0x0000000000000448
Event: 3.832 Thread 0x000001f7d8660b10 Uncommon trap: reason=unstable_if action=reinterpret pc=0x000001f7e79a3fe8 method=java.lang.StringLatin1.canEncode(I)Z @ 4 c2
Event: 3.832 Thread 0x000001f7d8660b10 DEOPT PACKING pc=0x000001f7e79a3fe8 sp=0x00000076efbfdc30
Event: 3.832 Thread 0x000001f7d8660b10 DEOPT UNPACKING pc=0x000001f7dff123a3 sp=0x00000076efbfdb58 mode 2
Event: 3.832 Thread 0x000001f7d8660b10 Uncommon trap: trap_request=0xffffff45 fr.pc=0x000001f7e79b65cc relative=0x000000000000042c
Event: 3.832 Thread 0x000001f7d8660b10 Uncommon trap: reason=unstable_if action=reinterpret pc=0x000001f7e79b65cc method=java.lang.AbstractStringBuilder.isLatin1()Z @ 10 c2
Event: 3.832 Thread 0x000001f7d8660b10 DEOPT PACKING pc=0x000001f7e79b65cc sp=0x00000076efbfdc40
Event: 3.832 Thread 0x000001f7d8660b10 DEOPT UNPACKING pc=0x000001f7dff123a3 sp=0x00000076efbfdbc0 mode 2
Event: 3.836 Thread 0x000001f7d8660b10 Uncommon trap: trap_request=0xffffff45 fr.pc=0x000001f7e79a0938 relative=0x0000000000000038
Event: 3.836 Thread 0x000001f7d8660b10 Uncommon trap: reason=unstable_if action=reinterpret pc=0x000001f7e79a0938 method=java.lang.StringLatin1.canEncode(I)Z @ 4 c2
Event: 3.836 Thread 0x000001f7d8660b10 DEOPT PACKING pc=0x000001f7e79a0938 sp=0x00000076efbfdbc0
Event: 3.836 Thread 0x000001f7d8660b10 DEOPT UNPACKING pc=0x000001f7dff123a3 sp=0x00000076efbfdb50 mode 2
Event: 4.002 Thread 0x000001f7d8660b10 DEOPT PACKING pc=0x000001f7e05475a7 sp=0x00000076efbf9a70
Event: 4.002 Thread 0x000001f7d8660b10 DEOPT UNPACKING pc=0x000001f7dff12b43 sp=0x00000076efbf8ed0 mode 0

Classes unloaded (0 events):
No events

Classes redefined (0 events):
No events

Internal exceptions (11 events):
Event: 0.342 Thread 0x000001f7f71fbf70 Exception <a 'java/lang/NoSuchMethodError'{0x00000000894f09a0}: 'java.lang.Object java.lang.invoke.DirectMethodHandle$Holder.invokeStaticInit(java.lang.Object)'> (0x00000000894f09a0) 
thrown [t:\workspace\open\src\hotspot\share\interpreter\linkResolver.cpp, line 766]
Event: 0.418 Thread 0x000001f7f71fbf70 Exception <a 'java/lang/NoSuchMethodError'{0x00000000894fe730}: 'void java.lang.invoke.DirectMethodHandle$Holder.invokeStatic(java.lang.Object, java.lang.Object)'> (0x00000000894fe730) 
thrown [t:\workspace\open\src\hotspot\share\interpreter\linkResolver.cpp, line 766]
Event: 2.380 Thread 0x000001f7d8660b10 Exception <a 'java/lang/NullPointerException'{0x00000000891a28b0}> (0x00000000891a28b0) 
thrown [t:\workspace\open\src\hotspot\share\interpreter\linkResolver.cpp, line 1357]
Event: 3.554 Thread 0x000001f7d8660b10 Exception <a 'java/lang/NullPointerException'{0x00000000890770e8}> (0x00000000890770e8) 
thrown [t:\workspace\open\src\hotspot\share\interpreter\linkResolver.cpp, line 1357]
Event: 3.554 Thread 0x000001f7d8660b10 Exception <a 'java/lang/NullPointerException'{0x00000000890773c0}> (0x00000000890773c0) 
thrown [t:\workspace\open\src\hotspot\share\interpreter\linkResolver.cpp, line 1357]
Event: 3.554 Thread 0x000001f7d8660b10 Exception <a 'java/lang/NullPointerException'{0x0000000089077698}> (0x0000000089077698) 
thrown [t:\workspace\open\src\hotspot\share\interpreter\linkResolver.cpp, line 1357]
Event: 3.556 Thread 0x000001f7d8660b10 Exception <a 'java/lang/NullPointerException'{0x000000008907d820}> (0x000000008907d820) 
thrown [t:\workspace\open\src\hotspot\share\interpreter\linkResolver.cpp, line 1357]
Event: 3.557 Thread 0x000001f7d8660b10 Exception <a 'java/lang/NullPointerException'{0x00000000890939a8}> (0x00000000890939a8) 
thrown [t:\workspace\open\src\hotspot\share\interpreter\linkResolver.cpp, line 1357]
Event: 3.557 Thread 0x000001f7d8660b10 Exception <a 'java/lang/NullPointerException'{0x0000000089093c80}> (0x0000000089093c80) 
thrown [t:\workspace\open\src\hotspot\share\interpreter\linkResolver.cpp, line 1357]
Event: 3.557 Thread 0x000001f7d8660b10 Exception <a 'java/lang/NullPointerException'{0x0000000089093f58}> (0x0000000089093f58) 
thrown [t:\workspace\open\src\hotspot\share\interpreter\linkResolver.cpp, line 1357]
Event: 3.557 Thread 0x000001f7d8660b10 Exception <a 'java/lang/NullPointerException'{0x0000000089094230}> (0x0000000089094230) 
thrown [t:\workspace\open\src\hotspot\share\interpreter\linkResolver.cpp, line 1357]

VM Operations (10 events):
Event: 1.048 Executing VM operation: Cleanup
Event: 1.048 Executing VM operation: Cleanup done
Event: 2.064 Executing VM operation: Cleanup
Event: 2.064 Executing VM operation: Cleanup done
Event: 2.379 Executing VM operation: HandshakeAllThreads
Event: 2.379 Executing VM operation: HandshakeAllThreads done
Event: 2.385 Executing VM operation: HandshakeAllThreads
Event: 2.385 Executing VM operation: HandshakeAllThreads done
Event: 3.392 Executing VM operation: Cleanup
Event: 3.423 Executing VM operation: Cleanup done

Events (20 events):
Event: 3.880 loading class java/lang/ArrayIndexOutOfBoundsException
Event: 3.880 loading class java/lang/ArrayIndexOutOfBoundsException done
Event: 3.885 loading class java/io/FilterReader
Event: 3.885 loading class java/io/FilterReader done
Event: 3.964 loading class java/util/NoSuchElementException
Event: 3.964 loading class java/util/NoSuchElementException done
Event: 4.029 loading class java/lang/InterruptedException
Event: 4.029 loading class java/lang/InterruptedException done
Event: 4.029 loading class java/util/concurrent/ExecutionException
Event: 4.029 loading class java/util/concurrent/ExecutionException done
Event: 4.037 loading class java/util/concurrent/ConcurrentLinkedQueue
Event: 4.037 loading class java/util/concurrent/ConcurrentLinkedQueue done
Event: 4.037 loading class java/util/concurrent/ConcurrentLinkedQueue$Node
Event: 4.037 loading class java/util/concurrent/ConcurrentLinkedQueue$Node done
Event: 4.043 loading class java/util/concurrent/atomic/AtomicReferenceArray
Event: 4.043 loading class java/util/concurrent/atomic/AtomicReferenceArray done
Event: 4.130 loading class java/io/InvalidObjectException
Event: 4.130 loading class java/io/ObjectStreamException
Event: 4.130 loading class java/io/ObjectStreamException done
Event: 4.130 loading class java/io/InvalidObjectException done


Dynamic libraries:
0x00007ff608bd0000 - 0x00007ff608be0000 	C:\Program Files\Java\jdk-17.0.2\bin\java.exe
0x00007ffb7e400000 - 0x00007ffb7e609000 	C:\WINDOWS\SYSTEM32\ntdll.dll
0x00007ffb7d660000 - 0x00007ffb7d71d000 	C:\WINDOWS\System32\KERNEL32.DLL
0x00007ffb7bd70000 - 0x00007ffb7c0e4000 	C:\WINDOWS\System32\KERNELBASE.dll
0x00007ffb7bbb0000 - 0x00007ffb7bcc1000 	C:\WINDOWS\System32\ucrtbase.dll
0x00007ffb5ede0000 - 0x00007ffb5edf8000 	C:\Program Files\Java\jdk-17.0.2\bin\jli.dll
0x00007ffb5b250000 - 0x00007ffb5b26a000 	C:\Program Files\Java\jdk-17.0.2\bin\VCRUNTIME140.dll
0x00007ffb7d5b0000 - 0x00007ffb7d65e000 	C:\WINDOWS\System32\ADVAPI32.dll
0x00007ffb7e2e0000 - 0x00007ffb7e383000 	C:\WINDOWS\System32\msvcrt.dll
0x00007ffb7d860000 - 0x00007ffb7d8fe000 	C:\WINDOWS\System32\sechost.dll
0x00007ffb7c370000 - 0x00007ffb7c490000 	C:\WINDOWS\System32\RPCRT4.dll
0x00007ffb7c490000 - 0x00007ffb7c63c000 	C:\WINDOWS\System32\USER32.dll
0x00007ffb7b8f0000 - 0x00007ffb7b916000 	C:\WINDOWS\System32\win32u.dll
0x00007ffb6a5a0000 - 0x00007ffb6a845000 	C:\WINDOWS\WinSxS\amd64_microsoft.windows.common-controls_6595b64144ccf1df_6.0.22000.120_none_9d947278b86cc467\COMCTL32.dll
0x00007ffb7e390000 - 0x00007ffb7e3b9000 	C:\WINDOWS\System32\GDI32.dll
0x00007ffb7b920000 - 0x00007ffb7ba32000 	C:\WINDOWS\System32\gdi32full.dll
0x00007ffb7bcd0000 - 0x00007ffb7bd6d000 	C:\WINDOWS\System32\msvcp_win.dll
0x00007ffb73ce0000 - 0x00007ffb73cea000 	C:\WINDOWS\SYSTEM32\VERSION.dll
0x00007ffb7dac0000 - 0x00007ffb7daf1000 	C:\WINDOWS\System32\IMM32.DLL
0x00007ffb70940000 - 0x00007ffb7094c000 	C:\Program Files\Java\jdk-17.0.2\bin\vcruntime140_1.dll
0x00007ffb5b1c0000 - 0x00007ffb5b24d000 	C:\Program Files\Java\jdk-17.0.2\bin\msvcp140.dll
0x00007ffb2f720000 - 0x00007ffb302e1000 	C:\Program Files\Java\jdk-17.0.2\bin\server\jvm.dll
0x00007ffb7d580000 - 0x00007ffb7d588000 	C:\WINDOWS\System32\PSAPI.DLL
0x00007ffb75020000 - 0x00007ffb75029000 	C:\WINDOWS\SYSTEM32\WSOCK32.dll
0x00007ffb75610000 - 0x00007ffb75643000 	C:\WINDOWS\SYSTEM32\WINMM.dll
0x00007ffb7c300000 - 0x00007ffb7c36f000 	C:\WINDOWS\System32\WS2_32.dll
0x00007ffb7a9f0000 - 0x00007ffb7aa08000 	C:\WINDOWS\SYSTEM32\kernel.appcore.dll
0x00007ffb70560000 - 0x00007ffb7056a000 	C:\Program Files\Java\jdk-17.0.2\bin\jimage.dll
0x00007ffb79660000 - 0x00007ffb79881000 	C:\WINDOWS\SYSTEM32\DBGHELP.DLL
0x00007ffb6ebd0000 - 0x00007ffb6ec01000 	C:\WINDOWS\SYSTEM32\dbgcore.DLL
0x00007ffb7c220000 - 0x00007ffb7c29f000 	C:\WINDOWS\System32\bcryptPrimitives.dll
0x00007ffb78c60000 - 0x00007ffb78c6e000 	C:\Program Files\Java\jdk-17.0.2\bin\instrument.dll
0x00007ffb53ff0000 - 0x00007ffb54015000 	C:\Program Files\Java\jdk-17.0.2\bin\java.dll
0x00007ffb45c40000 - 0x00007ffb45d16000 	C:\Program Files\Java\jdk-17.0.2\bin\jsvml.dll
0x00007ffb7cdd0000 - 0x00007ffb7d57e000 	C:\WINDOWS\System32\SHELL32.dll
0x00007ffb79a20000 - 0x00007ffb7a287000 	C:\WINDOWS\SYSTEM32\windows.storage.dll
0x00007ffb7c7c0000 - 0x00007ffb7cb38000 	C:\WINDOWS\System32\combase.dll
0x00007ffb798b0000 - 0x00007ffb79a16000 	C:\WINDOWS\SYSTEM32\wintypes.dll
0x00007ffb7e050000 - 0x00007ffb7e13a000 	C:\WINDOWS\System32\SHCORE.dll
0x00007ffb7e280000 - 0x00007ffb7e2dd000 	C:\WINDOWS\System32\shlwapi.dll
0x00007ffb7b820000 - 0x00007ffb7b841000 	C:\WINDOWS\SYSTEM32\profapi.dll
0x00007ffb50520000 - 0x00007ffb50538000 	C:\Program Files\Java\jdk-17.0.2\bin\zip.dll
0x00007ffb54880000 - 0x00007ffb54899000 	C:\Program Files\Java\jdk-17.0.2\bin\net.dll
0x00007ffb75650000 - 0x00007ffb7575c000 	C:\WINDOWS\SYSTEM32\WINHTTP.dll
0x00007ffb7ae20000 - 0x00007ffb7ae87000 	C:\WINDOWS\system32\mswsock.dll
0x00007ffb53420000 - 0x00007ffb53436000 	C:\Program Files\Java\jdk-17.0.2\bin\nio.dll
0x00007ffb5c3e0000 - 0x00007ffb5c3fa000 	C:\Program Files\JetBrains\IntelliJ IDEA Community Edition 2021.3.2\bin\breakgen64.dll
0x0000000069ac0000 - 0x0000000069ae4000 	C:\Users\ARSHAD\AppData\Local\Temp\jansi-2.3.4-cdbe4f1724382fb0-jansi.dll
0x00007ffb70480000 - 0x00007ffb70490000 	C:\Program Files\Java\jdk-17.0.2\bin\verify.dll

dbghelp: loaded successfully - version: 4.0.5 - missing functions: none
symbol engine: initialized successfully - sym options: 0x614 - pdb path: .;C:\Program Files\Java\jdk-17.0.2\bin;C:\WINDOWS\SYSTEM32;C:\WINDOWS\WinSxS\amd64_microsoft.windows.common-controls_6595b64144ccf1df_6.0.22000.120_none_9d947278b86cc467;C:\Program Files\Java\jdk-17.0.2\bin\server;C:\Program Files\JetBrains\IntelliJ IDEA Community Edition 2021.3.2\bin;C:\Users\ARSHAD\AppData\Local\Temp

VM Arguments:
jvm_args: -Dmaven.multiModuleProjectDirectory=C:\xampp\htdocs\myprojects\Mobile-Vaccination -Dmaven.home=C:\Users\ARSHAD\.m2\wrapper\dists\apache-maven-3.8.3-bin\5a6n1u8or3307vo2u2jgmkhm0t\apache-maven-3.8.3 -Dclassworlds.conf=C:\Users\ARSHAD\.m2\wrapper\dists\apache-maven-3.8.3-bin\5a6n1u8or3307vo2u2jgmkhm0t\apache-maven-3.8.3\bin\m2.conf -Dmaven.ext.class.path=C:\Program Files\JetBrains\IntelliJ IDEA Community Edition 2021.3.2\plugins\maven\lib\maven-event-listener.jar -javaagent:C:\Program Files\JetBrains\IntelliJ IDEA Community Edition 2021.3.2\lib\idea_rt.jar=64224:C:\Program Files\JetBrains\IntelliJ IDEA Community Edition 2021.3.2\bin -Dfile.encoding=UTF-8 
java_command: org.codehaus.classworlds.Launcher -Didea.version=2021.3.2 spring-boot:run
java_class_path (initial): C:\Users\ARSHAD\.m2\wrapper\dists\apache-maven-3.8.3-bin\5a6n1u8or3307vo2u2jgmkhm0t\apache-maven-3.8.3\boot\plexus-classworlds-2.6.0.jar;C:\Users\ARSHAD\.m2\wrapper\dists\apache-maven-3.8.3-bin\5a6n1u8or3307vo2u2jgmkhm0t\apache-maven-3.8.3\boot\plexus-classworlds.license
Launcher Type: SUN_STANDARD

[Global flags]
     intx CICompilerCount                          = 4                                         {product} {ergonomic}
     uint ConcGCThreads                            = 2                                         {product} {ergonomic}
     uint G1ConcRefinementThreads                  = 8                                         {product} {ergonomic}
   size_t G1HeapRegionSize                         = 1048576                                   {product} {ergonomic}
    uintx GCDrainStackTargetSize                   = 64                                        {product} {ergonomic}
   size_t InitialHeapSize                          = 134217728                                 {product} {ergonomic}
   size_t MarkStackSize                            = 4194304                                   {product} {ergonomic}
   size_t MaxHeapSize                              = 2124414976                                {product} {ergonomic}
   size_t MaxNewSize                               = 1274019840                                {product} {ergonomic}
   size_t MinHeapDeltaBytes                        = 1048576                                   {product} {ergonomic}
   size_t MinHeapSize                              = 8388608                                   {product} {ergonomic}
    uintx NonNMethodCodeHeapSize                   = 5839372                                {pd product} {ergonomic}
    uintx NonProfiledCodeHeapSize                  = 122909434                              {pd product} {ergonomic}
    uintx ProfiledCodeHeapSize                     = 122909434                              {pd product} {ergonomic}
    uintx ReservedCodeCacheSize                    = 251658240                              {pd product} {ergonomic}
     bool SegmentedCodeCache                       = true                                      {product} {ergonomic}
   size_t SoftMaxHeapSize                          = 2124414976                             {manageable} {ergonomic}
     bool UseCompressedClassPointers               = true                           {product lp64_product} {ergonomic}
     bool UseCompressedOops                        = true                           {product lp64_product} {ergonomic}
     bool UseG1GC                                  = true                                      {product} {ergonomic}
     bool UseLargePagesIndividualAllocation        = false                                  {pd product} {ergonomic}

Logging:
Log output configuration:
 #0: stdout all=warning uptime,level,tags
 #1: stderr all=off uptime,level,tags

Environment Variables:
JAVA_HOME=C:\Program Files\Java\jdk-16.0.2\
PATH=C:\Program Files\Common Files\Oracle\Java\javapath;C:\Program Files\Java\jdk-17.0.2\bin;C:\Program Files (x86)\Intel\iCLS Client\;C:\Program Files\Intel\iCLS Client\;C:\Windows\system32;C:\Windows;C:\Windows\System32\Wbem;C:\Windows\System32\WindowsPowerShell\v1.0\;C:\Windows\System32\OpenSSH\;C:\Program Files (x86)\Intel\Intel(R) Management Engine Components\DAL;C:\Program Files\Intel\Intel(R) Management Engine Components\DAL;C:\Program Files (x86)\Intel\Intel(R) Management Engine Components\IPT;C:\Program Files\Intel\Intel(R) Management Engine Components\IPT;C:\Program Files (x86)\NVIDIA Corporation\PhysX\Common;C:\MinGW\bin;C:\WINDOWS\system32;C:\WINDOWS;C:\WINDOWS\System32\Wbem;C:\WINDOWS\System32\WindowsPowerShell\v1.0\;C:\WINDOWS\System32\OpenSSH\;C:\Program Files\nodejs\;C:\php7;C:\flutter\bin;C:\Program Files\PuTTY\;C:\Program Files\MongoDB\Server\4.2\bin;C:\Program Files (x86)\Yarn\bin\;C:\xampp\mysql\bin;C:\Program Files\dotnet\;C:\Program Files\Git\cmd;C:\Program Files\Git\mingw64\bin;C:\Program Files\Git\usr\bin;C:\Users\ARSHAD\AppData\Local\Programs\Python\Python37-32\Scripts\;C:\Users\ARSHAD\AppData\Local\Programs\Python\Python37-32\;C:\Users\ARSHAD\AppData\Local\Microsoft\WindowsApps;C:\Users\ARSHAD\AppData\Local\Programs\Microsoft VS Code\bin;C:\Users\ARSHAD\AppData\Roaming\npm;C:\Users\ARSHAD\AppData\Local\GitHubDesktop\bin;C:\Users\ARSHAD\AppData\Local\Yarn\bin;C:\Users\ARSHAD\AppData\Local\Microsoft\WindowsApps;;C:\Program Files\JetBrains\IntelliJ IDEA Community Edition 2021.3.2\bin;
USERNAME=ARSHAD
OS=Windows_NT
PROCESSOR_IDENTIFIER=Intel64 Family 6 Model 142 Stepping 10, GenuineIntel



---------------  S Y S T E M  ---------------

OS:
 Windows 11 , 64 bit Build 22000 (10.0.22000.434)
OS uptime: 10 days 3:30 hours

CPU: total 8 (initial active 8) (4 cores per cpu, 2 threads per core) family 6 model 142 stepping 10 microcode 0xea, cx8, cmov, fxsr, ht, mmx, 3dnowpref, sse, sse2, sse3, ssse3, sse4.1, sse4.2, popcnt, lzcnt, tsc, tscinvbit, avx, avx2, aes, erms, clmul, bmi1, bmi2, adx, fma, vzeroupper, clflush, clflushopt

Memory: 4k page, system-wide physical 8101M (718M free)
TotalPageFile size 16151M (AvailPageFile size 3M)
current process WorkingSet (physical memory assigned to process): 62M, peak: 62M
current process commit charge ("private bytes"): 223M, peak: 223M

vm_info: Java HotSpot(TM) 64-Bit Server VM (17.0.2+8-LTS-86) for windows-amd64 JRE (17.0.2+8-LTS-86), built on Dec  7 2021 21:51:03 by "mach5one" with MS VC++ 16.8 / 16.9 (VS2019)

END.
